2026-01-28 20:25:23.302 [restartedMain] INFO  c.b.a.AdmisionAcademicaApplication - Starting AdmisionAcademicaApplication using Java 17.0.10 with PID 1625 (/home/juniorasmat/Documentos/proyecto/pre-educa/build/classes/java/main started by juniorasmat in /home/juniorasmat/Documentos/proyecto/pre-educa)
2026-01-28 20:25:23.307 [restartedMain] INFO  c.b.a.AdmisionAcademicaApplication - No active profile set, falling back to 1 default profile: "default"
2026-01-28 20:25:23.371 [restartedMain] INFO  o.s.b.d.e.DevToolsPropertyDefaultsPostProcessor - Devtools property defaults active! Set 'spring.devtools.add-properties' to 'false' to disable
2026-01-28 20:25:23.372 [restartedMain] INFO  o.s.b.d.e.DevToolsPropertyDefaultsPostProcessor - For additional web related logging consider setting the 'logging.level.web' property to 'DEBUG'
2026-01-28 20:25:24.840 [restartedMain] INFO  o.s.d.r.c.RepositoryConfigurationDelegate - Multiple Spring Data modules found, entering strict repository configuration mode
2026-01-28 20:25:24.843 [restartedMain] INFO  o.s.d.r.c.RepositoryConfigurationDelegate - Bootstrapping Spring Data JPA repositories in DEFAULT mode.
2026-01-28 20:25:24.943 [restartedMain] INFO  o.s.d.r.c.RepositoryConfigurationExtensionSupport - Spring Data JPA - Could not safely identify store assignment for repository candidate interface com.bootcodeperu.admision_academica.adapter.persistencia.mongo.repository.ContenidoTeoriaMongoRepository; If you want this repository to be a JPA repository, consider annotating your entities with one of these annotations: jakarta.persistence.Entity, jakarta.persistence.MappedSuperclass (preferred), or consider extending one of the following types with your repository: org.springframework.data.jpa.repository.JpaRepository
2026-01-28 20:25:24.947 [restartedMain] INFO  o.s.d.r.c.RepositoryConfigurationExtensionSupport - Spring Data JPA - Could not safely identify store assignment for repository candidate interface com.bootcodeperu.admision_academica.adapter.persistencia.mongo.repository.PreguntaDetalleMongoRepository; If you want this repository to be a JPA repository, consider annotating your entities with one of these annotations: jakarta.persistence.Entity, jakarta.persistence.MappedSuperclass (preferred), or consider extending one of the following types with your repository: org.springframework.data.jpa.repository.JpaRepository
2026-01-28 20:25:25.074 [restartedMain] INFO  o.s.d.r.c.RepositoryConfigurationDelegate - Finished Spring Data repository scanning in 209 ms. Found 12 JPA repository interfaces.
2026-01-28 20:25:25.088 [restartedMain] INFO  o.s.d.r.c.RepositoryConfigurationDelegate - Multiple Spring Data modules found, entering strict repository configuration mode
2026-01-28 20:25:25.088 [restartedMain] INFO  o.s.d.r.c.RepositoryConfigurationDelegate - Bootstrapping Spring Data MongoDB repositories in DEFAULT mode.
2026-01-28 20:25:25.099 [restartedMain] INFO  o.s.d.r.c.RepositoryConfigurationExtensionSupport - Spring Data MongoDB - Could not safely identify store assignment for repository candidate interface com.bootcodeperu.admision_academica.adapter.persistencia.postgres.springdata.SpringAreaRepository; If you want this repository to be a MongoDB repository, consider annotating your entities with one of these annotations: org.springframework.data.mongodb.core.mapping.Document (preferred), or consider extending one of the following types with your repository: org.springframework.data.mongodb.repository.MongoRepository
2026-01-28 20:25:25.099 [restartedMain] INFO  o.s.d.r.c.RepositoryConfigurationExtensionSupport - Spring Data MongoDB - Could not safely identify store assignment for repository candidate interface com.bootcodeperu.admision_academica.adapter.persistencia.postgres.springdata.SpringCursoAreaRepository; If you want this repository to be a MongoDB repository, consider annotating your entities with one of these annotations: org.springframework.data.mongodb.core.mapping.Document (preferred), or consider extending one of the following types with your repository: org.springframework.data.mongodb.repository.MongoRepository
2026-01-28 20:25:25.100 [restartedMain] INFO  o.s.d.r.c.RepositoryConfigurationExtensionSupport - Spring Data MongoDB - Could not safely identify store assignment for repository candidate interface com.bootcodeperu.admision_academica.adapter.persistencia.postgres.springdata.SpringCursoRepository; If you want this repository to be a MongoDB repository, consider annotating your entities with one of these annotations: org.springframework.data.mongodb.core.mapping.Document (preferred), or consider extending one of the following types with your repository: org.springframework.data.mongodb.repository.MongoRepository
2026-01-28 20:25:25.100 [restartedMain] INFO  o.s.d.r.c.RepositoryConfigurationExtensionSupport - Spring Data MongoDB - Could not safely identify store assignment for repository candidate interface com.bootcodeperu.admision_academica.adapter.persistencia.postgres.springdata.SpringMetadatoPreguntaRepository; If you want this repository to be a MongoDB repository, consider annotating your entities with one of these annotations: org.springframework.data.mongodb.core.mapping.Document (preferred), or consider extending one of the following types with your repository: org.springframework.data.mongodb.repository.MongoRepository
2026-01-28 20:25:25.100 [restartedMain] INFO  o.s.d.r.c.RepositoryConfigurationExtensionSupport - Spring Data MongoDB - Could not safely identify store assignment for repository candidate interface com.bootcodeperu.admision_academica.adapter.persistencia.postgres.springdata.SpringOutboxRepository; If you want this repository to be a MongoDB repository, consider annotating your entities with one of these annotations: org.springframework.data.mongodb.core.mapping.Document (preferred), or consider extending one of the following types with your repository: org.springframework.data.mongodb.repository.MongoRepository
2026-01-28 20:25:25.100 [restartedMain] INFO  o.s.d.r.c.RepositoryConfigurationExtensionSupport - Spring Data MongoDB - Could not safely identify store assignment for repository candidate interface com.bootcodeperu.admision_academica.adapter.persistencia.postgres.springdata.SpringPermisoRepository; If you want this repository to be a MongoDB repository, consider annotating your entities with one of these annotations: org.springframework.data.mongodb.core.mapping.Document (preferred), or consider extending one of the following types with your repository: org.springframework.data.mongodb.repository.MongoRepository
2026-01-28 20:25:25.101 [restartedMain] INFO  o.s.d.r.c.RepositoryConfigurationExtensionSupport - Spring Data MongoDB - Could not safely identify store assignment for repository candidate interface com.bootcodeperu.admision_academica.adapter.persistencia.postgres.springdata.SpringProgresoTemaRepository; If you want this repository to be a MongoDB repository, consider annotating your entities with one of these annotations: org.springframework.data.mongodb.core.mapping.Document (preferred), or consider extending one of the following types with your repository: org.springframework.data.mongodb.repository.MongoRepository
2026-01-28 20:25:25.101 [restartedMain] INFO  o.s.d.r.c.RepositoryConfigurationExtensionSupport - Spring Data MongoDB - Could not safely identify store assignment for repository candidate interface com.bootcodeperu.admision_academica.adapter.persistencia.postgres.springdata.SpringResultadoSimulacroRepository; If you want this repository to be a MongoDB repository, consider annotating your entities with one of these annotations: org.springframework.data.mongodb.core.mapping.Document (preferred), or consider extending one of the following types with your repository: org.springframework.data.mongodb.repository.MongoRepository
2026-01-28 20:25:25.102 [restartedMain] INFO  o.s.d.r.c.RepositoryConfigurationExtensionSupport - Spring Data MongoDB - Could not safely identify store assignment for repository candidate interface com.bootcodeperu.admision_academica.adapter.persistencia.postgres.springdata.SpringRolRepository; If you want this repository to be a MongoDB repository, consider annotating your entities with one of these annotations: org.springframework.data.mongodb.core.mapping.Document (preferred), or consider extending one of the following types with your repository: org.springframework.data.mongodb.repository.MongoRepository
2026-01-28 20:25:25.102 [restartedMain] INFO  o.s.d.r.c.RepositoryConfigurationExtensionSupport - Spring Data MongoDB - Could not safely identify store assignment for repository candidate interface com.bootcodeperu.admision_academica.adapter.persistencia.postgres.springdata.SpringTemaRepository; If you want this repository to be a MongoDB repository, consider annotating your entities with one of these annotations: org.springframework.data.mongodb.core.mapping.Document (preferred), or consider extending one of the following types with your repository: org.springframework.data.mongodb.repository.MongoRepository
2026-01-28 20:25:25.102 [restartedMain] INFO  o.s.d.r.c.RepositoryConfigurationExtensionSupport - Spring Data MongoDB - Could not safely identify store assignment for repository candidate interface com.bootcodeperu.admision_academica.adapter.persistencia.postgres.springdata.SpringTokenRepository; If you want this repository to be a MongoDB repository, consider annotating your entities with one of these annotations: org.springframework.data.mongodb.core.mapping.Document (preferred), or consider extending one of the following types with your repository: org.springframework.data.mongodb.repository.MongoRepository
2026-01-28 20:25:25.102 [restartedMain] INFO  o.s.d.r.c.RepositoryConfigurationExtensionSupport - Spring Data MongoDB - Could not safely identify store assignment for repository candidate interface com.bootcodeperu.admision_academica.adapter.persistencia.postgres.springdata.SpringUsuarioRepository; If you want this repository to be a MongoDB repository, consider annotating your entities with one of these annotations: org.springframework.data.mongodb.core.mapping.Document (preferred), or consider extending one of the following types with your repository: org.springframework.data.mongodb.repository.MongoRepository
2026-01-28 20:25:25.109 [restartedMain] INFO  o.s.d.r.c.RepositoryConfigurationDelegate - Finished Spring Data repository scanning in 18 ms. Found 2 MongoDB repository interfaces.
2026-01-28 20:25:25.931 [restartedMain] INFO  o.s.b.w.e.tomcat.TomcatWebServer - Tomcat initialized with port 8080 (http)
2026-01-28 20:25:25.948 [restartedMain] INFO  o.a.coyote.http11.Http11NioProtocol - Initializing ProtocolHandler ["http-nio-8080"]
2026-01-28 20:25:25.950 [restartedMain] INFO  o.a.catalina.core.StandardService - Starting service [Tomcat]
2026-01-28 20:25:25.950 [restartedMain] INFO  o.a.catalina.core.StandardEngine - Starting Servlet engine: [Apache Tomcat/10.1.48]
2026-01-28 20:25:25.997 [restartedMain] INFO  o.a.c.c.C.[Tomcat].[localhost].[/] - Initializing Spring embedded WebApplicationContext
2026-01-28 20:25:25.997 [restartedMain] INFO  o.s.b.w.s.c.ServletWebServerApplicationContext - Root WebApplicationContext: initialization completed in 2625 ms
2026-01-28 20:25:26.362 [restartedMain] INFO  o.h.jpa.internal.util.LogHelper - HHH000204: Processing PersistenceUnitInfo [name: default]
2026-01-28 20:25:26.421 [restartedMain] INFO  org.hibernate.Version - HHH000412: Hibernate ORM core version 6.6.33.Final
2026-01-28 20:25:26.455 [restartedMain] INFO  o.h.c.i.RegionFactoryInitiator - HHH000026: Second-level cache disabled
2026-01-28 20:25:26.735 [restartedMain] INFO  o.s.o.j.p.SpringPersistenceUnitInfo - No LoadTimeWeaver setup: ignoring JPA class transformer
2026-01-28 20:25:26.764 [restartedMain] INFO  com.zaxxer.hikari.HikariDataSource - HikariPool-1 - Starting...
2026-01-28 20:25:26.915 [restartedMain] INFO  com.zaxxer.hikari.pool.HikariPool - HikariPool-1 - Added connection org.postgresql.jdbc.PgConnection@2c747dcf
2026-01-28 20:25:26.917 [restartedMain] INFO  com.zaxxer.hikari.HikariDataSource - HikariPool-1 - Start completed.
2026-01-28 20:25:27.027 [restartedMain] INFO  o.hibernate.orm.connections.pooling - HHH10001005: Database info:
	Database JDBC URL [Connecting through datasource 'HikariDataSource (HikariPool-1)']
	Database driver: undefined/unknown
	Database version: 18.1
	Autocommit mode: undefined/unknown
	Isolation level: undefined/unknown
	Minimum pool size: undefined/unknown
	Maximum pool size: undefined/unknown
2026-01-28 20:25:27.466 [restartedMain] WARN  org.hibernate.mapping.RootClass - HHH000038: Composite-id class does not override equals(): com.bootcodeperu.admision_academica.domain.model.CursoAreaId
2026-01-28 20:25:27.466 [restartedMain] WARN  org.hibernate.mapping.RootClass - HHH000039: Composite-id class does not override hashCode(): com.bootcodeperu.admision_academica.domain.model.CursoAreaId
2026-01-28 20:25:28.022 [restartedMain] INFO  o.h.e.t.j.p.i.JtaPlatformInitiator - HHH000489: No JTA platform available (set 'hibernate.transaction.jta.platform' to enable JTA platform integration)
2026-01-28 20:25:28.164 [restartedMain] INFO  o.s.o.j.LocalContainerEntityManagerFactoryBean - Initialized JPA EntityManagerFactory for persistence unit 'default'
2026-01-28 20:25:28.391 [restartedMain] INFO  o.s.d.j.r.query.QueryEnhancerFactory - Hibernate is in classpath; If applicable, HQL parser will be used.
2026-01-28 20:25:29.298 [cluster-ClusterId{value='697ab709664b2029dc9e961f', description='null'}-srv-cluster0.ql7o2.mongodb.net] INFO  org.mongodb.driver.cluster - Adding discovered server cluster0-shard-00-01.ql7o2.mongodb.net:27017 to client view of cluster
2026-01-28 20:25:29.312 [restartedMain] INFO  org.mongodb.driver.client - MongoClient with metadata {"driver": {"name": "mongo-java-driver|sync|spring-boot", "version": "5.5.2"}, "os": {"type": "Linux", "name": "Linux", "architecture": "amd64", "version": "6.18.6-200.fc43.x86_64"}, "platform": "Java/Eclipse Adoptium/17.0.10+7"} created with settings MongoClientSettings{readPreference=primary, writeConcern=WriteConcern{w=majority, wTimeout=null ms, journal=null}, retryWrites=true, retryReads=true, readConcern=ReadConcern{level=null}, credential=MongoCredential{mechanism=null, userName='juniorasmat40', source='admin', password=<hidden>, mechanismProperties=<hidden>}, transportSettings=null, commandListeners=[io.micrometer.core.instrument.binder.mongodb.MongoMetricsCommandListener@144cb4c8], codecRegistry=ProvidersCodecRegistry{codecProviders=[ValueCodecProvider{}, BsonValueCodecProvider{}, DBRefCodecProvider{}, DBObjectCodecProvider{}, DocumentCodecProvider{}, CollectionCodecProvider{}, IterableCodecProvider{}, MapCodecProvider{}, GeoJsonCodecProvider{}, GridFSFileCodecProvider{}, Jsr310CodecProvider{}, JsonObjectCodecProvider{}, BsonCodecProvider{}, EnumCodecProvider{}, com.mongodb.client.model.mql.ExpressionCodecProvider@c00dcd, com.mongodb.Jep395RecordCodecProvider@7515f404, com.mongodb.KotlinCodecProvider@2073c3ef]}, loggerSettings=LoggerSettings{maxDocumentLength=1000}, clusterSettings={hosts=[127.0.0.1:27017], srvHost=cluster0.ql7o2.mongodb.net, srvServiceName=mongodb, mode=MULTIPLE, requiredClusterType=REPLICA_SET, requiredReplicaSetName='atlas-7f0qd6-shard-0', serverSelector='null', clusterListeners='[]', serverSelectionTimeout='30000 ms', localThreshold='15 ms'}, socketSettings=SocketSettings{connectTimeoutMS=10000, readTimeoutMS=0, receiveBufferSize=0, proxySettings=ProxySettings{host=null, port=null, username=null, password=null}}, heartbeatSocketSettings=SocketSettings{connectTimeoutMS=10000, readTimeoutMS=10000, receiveBufferSize=0, proxySettings=ProxySettings{host=null, port=null, username=null, password=null}}, connectionPoolSettings=ConnectionPoolSettings{maxSize=100, minSize=0, maxWaitTimeMS=120000, maxConnectionLifeTimeMS=0, maxConnectionIdleTimeMS=0, maintenanceInitialDelayMS=0, maintenanceFrequencyMS=60000, connectionPoolListeners=[io.micrometer.core.instrument.binder.mongodb.MongoMetricsConnectionPoolListener@3194c471], maxConnecting=2}, serverSettings=ServerSettings{heartbeatFrequencyMS=10000, minHeartbeatFrequencyMS=500, serverMonitoringMode=AUTO, serverListeners='[]', serverMonitorListeners='[]'}, sslSettings=SslSettings{enabled=true, invalidHostNameAllowed=false, context=null}, applicationName='null', compressorList=[], uuidRepresentation=JAVA_LEGACY, serverApi=null, autoEncryptionSettings=null, dnsClient=null, inetAddressResolver=null, contextProvider=null, timeoutMS=null}
2026-01-28 20:25:29.323 [cluster-ClusterId{value='697ab709664b2029dc9e961f', description='null'}-srv-cluster0.ql7o2.mongodb.net] INFO  org.mongodb.driver.cluster - Adding discovered server cluster0-shard-00-00.ql7o2.mongodb.net:27017 to client view of cluster
2026-01-28 20:25:29.325 [cluster-ClusterId{value='697ab709664b2029dc9e961f', description='null'}-srv-cluster0.ql7o2.mongodb.net] INFO  org.mongodb.driver.cluster - Adding discovered server cluster0-shard-00-02.ql7o2.mongodb.net:27017 to client view of cluster
2026-01-28 20:25:29.419 [restartedMain] INFO  o.s.b.d.a.OptionalLiveReloadServer - LiveReload server is running on port 35729
2026-01-28 20:25:29.681 [restartedMain] INFO  o.s.s.c.a.a.c.InitializeAuthenticationProviderBeanManagerConfigurer$InitializeAuthenticationProviderManagerConfigurer - Global AuthenticationManager configured with AuthenticationProvider bean with name authenticationProvider
2026-01-28 20:25:29.681 [restartedMain] WARN  o.s.s.c.a.a.c.InitializeUserDetailsBeanManagerConfigurer$InitializeUserDetailsManagerConfigurer - Global AuthenticationManager configured with an AuthenticationProvider bean. UserDetailsService beans will not be used by Spring Security for automatically configuring username/password login. Consider removing the AuthenticationProvider bean. Alternatively, consider using the UserDetailsService in a manually instantiated DaoAuthenticationProvider. If the current configuration is intentional, to turn off this warning, increase the logging level of 'org.springframework.security.config.annotation.authentication.configuration.InitializeUserDetailsBeanManagerConfigurer' to ERROR
2026-01-28 20:25:29.719 [restartedMain] WARN  o.s.b.a.o.j.JpaBaseConfiguration$JpaWebConfiguration - spring.jpa.open-in-view is enabled by default. Therefore, database queries may be performed during view rendering. Explicitly configure spring.jpa.open-in-view to disable this warning
2026-01-28 20:25:29.968 [restartedMain] INFO  o.s.b.a.e.web.EndpointLinksResolver - Exposing 3 endpoints beneath base path '/actuator'
2026-01-28 20:25:30.073 [cluster-ClusterId{value='697ab709664b2029dc9e961f', description='null'}-cluster0-shard-00-02.ql7o2.mongodb.net:27017] INFO  org.mongodb.driver.cluster - Monitor thread successfully connected to server with description ServerDescription{address=cluster0-shard-00-02.ql7o2.mongodb.net:27017, type=REPLICA_SET_SECONDARY, cryptd=false, state=CONNECTED, ok=true, minWireVersion=0, maxWireVersion=25, maxDocumentSize=16777216, logicalSessionTimeoutMinutes=30, roundTripTimeNanos=449820789, minRoundTripTimeNanos=0, setName='atlas-7f0qd6-shard-0', canonicalAddress=cluster0-shard-00-02.ql7o2.mongodb.net:27017, hosts=[cluster0-shard-00-02.ql7o2.mongodb.net:27017, cluster0-shard-00-00.ql7o2.mongodb.net:27017, cluster0-shard-00-01.ql7o2.mongodb.net:27017], passives=[], arbiters=[], primary='cluster0-shard-00-01.ql7o2.mongodb.net:27017', tagSet=TagSet{[Tag{name='availabilityZone', value='sae1-az2'}, Tag{name='diskState', value='READY'}, Tag{name='nodeType', value='ELECTABLE'}, Tag{name='provider', value='AWS'}, Tag{name='region', value='SA_EAST_1'}, Tag{name='workloadType', value='OPERATIONAL'}]}, electionId=null, setVersion=12, topologyVersion=TopologyVersion{processId=697a543b94ac566ee2df42f4, counter=3}, lastWriteDate=Wed Jan 28 20:25:29 PET 2026, lastUpdateTimeNanos=4407103312287}
2026-01-28 20:25:30.073 [cluster-ClusterId{value='697ab709664b2029dc9e961f', description='null'}-cluster0-shard-00-01.ql7o2.mongodb.net:27017] INFO  org.mongodb.driver.cluster - Monitor thread successfully connected to server with description ServerDescription{address=cluster0-shard-00-01.ql7o2.mongodb.net:27017, type=REPLICA_SET_PRIMARY, cryptd=false, state=CONNECTED, ok=true, minWireVersion=0, maxWireVersion=25, maxDocumentSize=16777216, logicalSessionTimeoutMinutes=30, roundTripTimeNanos=449820789, minRoundTripTimeNanos=0, setName='atlas-7f0qd6-shard-0', canonicalAddress=cluster0-shard-00-01.ql7o2.mongodb.net:27017, hosts=[cluster0-shard-00-02.ql7o2.mongodb.net:27017, cluster0-shard-00-00.ql7o2.mongodb.net:27017, cluster0-shard-00-01.ql7o2.mongodb.net:27017], passives=[], arbiters=[], primary='cluster0-shard-00-01.ql7o2.mongodb.net:27017', tagSet=TagSet{[Tag{name='availabilityZone', value='sae1-az3'}, Tag{name='diskState', value='READY'}, Tag{name='nodeType', value='ELECTABLE'}, Tag{name='provider', value='AWS'}, Tag{name='region', value='SA_EAST_1'}, Tag{name='workloadType', value='OPERATIONAL'}]}, electionId=7fffffff00000000000000a9, setVersion=12, topologyVersion=TopologyVersion{processId=697a4eccb0b52206853dd864, counter=6}, lastWriteDate=Wed Jan 28 20:25:29 PET 2026, lastUpdateTimeNanos=4407103312287}
2026-01-28 20:25:30.073 [cluster-ClusterId{value='697ab709664b2029dc9e961f', description='null'}-cluster0-shard-00-00.ql7o2.mongodb.net:27017] INFO  org.mongodb.driver.cluster - Monitor thread successfully connected to server with description ServerDescription{address=cluster0-shard-00-00.ql7o2.mongodb.net:27017, type=REPLICA_SET_SECONDARY, cryptd=false, state=CONNECTED, ok=true, minWireVersion=0, maxWireVersion=25, maxDocumentSize=16777216, logicalSessionTimeoutMinutes=30, roundTripTimeNanos=449435403, minRoundTripTimeNanos=0, setName='atlas-7f0qd6-shard-0', canonicalAddress=cluster0-shard-00-00.ql7o2.mongodb.net:27017, hosts=[cluster0-shard-00-02.ql7o2.mongodb.net:27017, cluster0-shard-00-00.ql7o2.mongodb.net:27017, cluster0-shard-00-01.ql7o2.mongodb.net:27017], passives=[], arbiters=[], primary='cluster0-shard-00-01.ql7o2.mongodb.net:27017', tagSet=TagSet{[Tag{name='availabilityZone', value='sae1-az1'}, Tag{name='diskState', value='READY'}, Tag{name='nodeType', value='ELECTABLE'}, Tag{name='provider', value='AWS'}, Tag{name='region', value='SA_EAST_1'}, Tag{name='workloadType', value='OPERATIONAL'}]}, electionId=null, setVersion=12, topologyVersion=TopologyVersion{processId=697a4b7f728d876d82a6e0ee, counter=4}, lastWriteDate=Wed Jan 28 20:25:29 PET 2026, lastUpdateTimeNanos=4407103312287}
2026-01-28 20:25:30.075 [cluster-ClusterId{value='697ab709664b2029dc9e961f', description='null'}-cluster0-shard-00-01.ql7o2.mongodb.net:27017] INFO  org.mongodb.driver.cluster - Discovered replica set primary cluster0-shard-00-01.ql7o2.mongodb.net:27017 with max election id 7fffffff00000000000000a9 and max set version 12
2026-01-28 20:25:30.377 [restartedMain] INFO  o.a.coyote.http11.Http11NioProtocol - Starting ProtocolHandler ["http-nio-8080"]
2026-01-28 20:25:30.388 [restartedMain] INFO  o.s.b.w.e.tomcat.TomcatWebServer - Tomcat started on port 8080 (http) with context path '/'
2026-01-28 20:25:30.403 [restartedMain] INFO  c.b.a.AdmisionAcademicaApplication - Started AdmisionAcademicaApplication in 7.971 seconds (process running for 8.828)
2026-01-28 20:25:30.414 [scheduling-1] INFO  c.b.a.a.usercase.OutboxProcessor - Iniciando procesamiento de eventos Outbox pendientes.
2026-01-28 20:25:30.472 [scheduling-1] DEBUG c.b.a.a.usercase.OutboxProcessor - No se encontraron eventos pendientes para procesar.
2026-01-28 20:25:31.055 [RMI TCP Connection(4)-192.168.100.242] INFO  o.a.c.c.C.[Tomcat].[localhost].[/] - Initializing Spring DispatcherServlet 'dispatcherServlet'
2026-01-28 20:25:31.055 [RMI TCP Connection(4)-192.168.100.242] INFO  o.s.web.servlet.DispatcherServlet - Initializing Servlet 'dispatcherServlet'
2026-01-28 20:25:31.058 [RMI TCP Connection(4)-192.168.100.242] INFO  o.s.web.servlet.DispatcherServlet - Completed initialization in 3 ms
2026-01-28 20:26:30.403 [scheduling-1] INFO  c.b.a.a.usercase.OutboxProcessor - Iniciando procesamiento de eventos Outbox pendientes.
2026-01-28 20:26:30.406 [scheduling-1] DEBUG c.b.a.a.usercase.OutboxProcessor - No se encontraron eventos pendientes para procesar.
2026-01-28 20:27:30.402 [scheduling-1] INFO  c.b.a.a.usercase.OutboxProcessor - Iniciando procesamiento de eventos Outbox pendientes.
2026-01-28 20:27:30.405 [scheduling-1] DEBUG c.b.a.a.usercase.OutboxProcessor - No se encontraron eventos pendientes para procesar.
2026-01-28 20:28:30.403 [scheduling-1] INFO  c.b.a.a.usercase.OutboxProcessor - Iniciando procesamiento de eventos Outbox pendientes.
2026-01-28 20:28:30.406 [scheduling-1] DEBUG c.b.a.a.usercase.OutboxProcessor - No se encontraron eventos pendientes para procesar.
2026-01-28 20:29:30.403 [scheduling-1] INFO  c.b.a.a.usercase.OutboxProcessor - Iniciando procesamiento de eventos Outbox pendientes.
2026-01-28 20:29:30.406 [scheduling-1] DEBUG c.b.a.a.usercase.OutboxProcessor - No se encontraron eventos pendientes para procesar.
2026-01-28 20:30:30.403 [scheduling-1] INFO  c.b.a.a.usercase.OutboxProcessor - Iniciando procesamiento de eventos Outbox pendientes.
2026-01-28 20:30:30.405 [scheduling-1] DEBUG c.b.a.a.usercase.OutboxProcessor - No se encontraron eventos pendientes para procesar.
2026-01-28 20:31:30.403 [scheduling-1] INFO  c.b.a.a.usercase.OutboxProcessor - Iniciando procesamiento de eventos Outbox pendientes.
2026-01-28 20:31:30.406 [scheduling-1] DEBUG c.b.a.a.usercase.OutboxProcessor - No se encontraron eventos pendientes para procesar.
2026-01-28 20:32:30.403 [scheduling-1] INFO  c.b.a.a.usercase.OutboxProcessor - Iniciando procesamiento de eventos Outbox pendientes.
2026-01-28 20:32:30.406 [scheduling-1] DEBUG c.b.a.a.usercase.OutboxProcessor - No se encontraron eventos pendientes para procesar.
2026-01-28 20:33:30.403 [scheduling-1] INFO  c.b.a.a.usercase.OutboxProcessor - Iniciando procesamiento de eventos Outbox pendientes.
2026-01-28 20:33:30.405 [scheduling-1] DEBUG c.b.a.a.usercase.OutboxProcessor - No se encontraron eventos pendientes para procesar.
2026-01-28 20:34:30.402 [scheduling-1] INFO  c.b.a.a.usercase.OutboxProcessor - Iniciando procesamiento de eventos Outbox pendientes.
2026-01-28 20:34:30.405 [scheduling-1] DEBUG c.b.a.a.usercase.OutboxProcessor - No se encontraron eventos pendientes para procesar.
2026-01-28 20:35:30.403 [scheduling-1] INFO  c.b.a.a.usercase.OutboxProcessor - Iniciando procesamiento de eventos Outbox pendientes.
2026-01-28 20:35:30.405 [scheduling-1] DEBUG c.b.a.a.usercase.OutboxProcessor - No se encontraron eventos pendientes para procesar.
2026-01-28 20:36:30.403 [scheduling-1] INFO  c.b.a.a.usercase.OutboxProcessor - Iniciando procesamiento de eventos Outbox pendientes.
2026-01-28 20:36:30.407 [scheduling-1] DEBUG c.b.a.a.usercase.OutboxProcessor - No se encontraron eventos pendientes para procesar.
2026-01-28 20:37:30.403 [scheduling-1] INFO  c.b.a.a.usercase.OutboxProcessor - Iniciando procesamiento de eventos Outbox pendientes.
2026-01-28 20:37:30.406 [scheduling-1] DEBUG c.b.a.a.usercase.OutboxProcessor - No se encontraron eventos pendientes para procesar.
2026-01-28 20:38:30.403 [scheduling-1] INFO  c.b.a.a.usercase.OutboxProcessor - Iniciando procesamiento de eventos Outbox pendientes.
2026-01-28 20:38:30.405 [scheduling-1] DEBUG c.b.a.a.usercase.OutboxProcessor - No se encontraron eventos pendientes para procesar.
2026-01-28 20:39:30.403 [scheduling-1] INFO  c.b.a.a.usercase.OutboxProcessor - Iniciando procesamiento de eventos Outbox pendientes.
2026-01-28 20:39:30.405 [scheduling-1] DEBUG c.b.a.a.usercase.OutboxProcessor - No se encontraron eventos pendientes para procesar.
2026-01-28 20:40:30.403 [scheduling-1] INFO  c.b.a.a.usercase.OutboxProcessor - Iniciando procesamiento de eventos Outbox pendientes.
2026-01-28 20:40:30.405 [scheduling-1] DEBUG c.b.a.a.usercase.OutboxProcessor - No se encontraron eventos pendientes para procesar.
2026-01-28 20:41:30.402 [scheduling-1] INFO  c.b.a.a.usercase.OutboxProcessor - Iniciando procesamiento de eventos Outbox pendientes.
2026-01-28 20:41:30.404 [scheduling-1] DEBUG c.b.a.a.usercase.OutboxProcessor - No se encontraron eventos pendientes para procesar.
2026-01-28 20:42:30.402 [scheduling-1] INFO  c.b.a.a.usercase.OutboxProcessor - Iniciando procesamiento de eventos Outbox pendientes.
2026-01-28 20:42:30.404 [scheduling-1] DEBUG c.b.a.a.usercase.OutboxProcessor - No se encontraron eventos pendientes para procesar.
